[debug] [2026-02-16T16:46:27.045Z] > command requires scopes: ["email","openid","https://www.googleapis.com/auth/cloudplatformprojects.readonly","https://www.googleapis.com/auth/firebase","https://www.googleapis.com/auth/cloud-platform"]
[debug] [2026-02-16T16:46:27.047Z] > authorizing via signed-in user (activityfisioterapiamooca@gmail.com)
[debug] [2026-02-16T16:46:27.047Z] > command requires scopes: ["email","openid","https://www.googleapis.com/auth/cloudplatformprojects.readonly","https://www.googleapis.com/auth/firebase","https://www.googleapis.com/auth/cloud-platform"]
[debug] [2026-02-16T16:46:27.047Z] > authorizing via signed-in user (activityfisioterapiamooca@gmail.com)
[debug] [2026-02-16T16:46:27.048Z] Checked if tokens are valid: true, expires at: 1771262326974
[debug] [2026-02-16T16:46:27.048Z] Checked if tokens are valid: true, expires at: 1771262326974
[debug] [2026-02-16T16:46:27.048Z] Checked if tokens are valid: true, expires at: 1771262326974
[debug] [2026-02-16T16:46:27.048Z] Checked if tokens are valid: true, expires at: 1771262326974
[debug] [2026-02-16T16:46:27.048Z] > command requires scopes: ["email","openid","https://www.googleapis.com/auth/cloudplatformprojects.readonly","https://www.googleapis.com/auth/firebase","https://www.googleapis.com/auth/cloud-platform"]
[debug] [2026-02-16T16:46:27.049Z] > authorizing via signed-in user (activityfisioterapiamooca@gmail.com)
[debug] [2026-02-16T16:46:27.049Z] Checked if tokens are valid: true, expires at: 1771262326974
[debug] [2026-02-16T16:46:27.049Z] Checked if tokens are valid: true, expires at: 1771262326974
[debug] [2026-02-16T16:46:27.049Z] >>> [apiv2][query] GET https://cloudbilling.googleapis.com/v1/projects/fisioflow-migration/billingInfo [none]
[debug] [2026-02-16T16:46:27.050Z] >>> [apiv2][query] GET https://cloudbilling.googleapis.com/v1/projects/fisioflow-migration/billingInfo [none]
[debug] [2026-02-16T16:46:27.051Z] >>> [apiv2][query] GET https://cloudbilling.googleapis.com/v1/projects/fisioflow-migration/billingInfo [none]
[debug] [2026-02-16T16:46:27.784Z] <<< [apiv2][status] GET https://cloudbilling.googleapis.com/v1/projects/fisioflow-migration/billingInfo 200
[debug] [2026-02-16T16:46:27.785Z] <<< [apiv2][body] GET https://cloudbilling.googleapis.com/v1/projects/fisioflow-migration/billingInfo {"name":"projects/fisioflow-migration/billingInfo","projectId":"fisioflow-migration","billingAccountName":"billingAccounts/012726-42CA36-FA7B7A","billingEnabled":true}
[debug] [2026-02-16T16:46:27.798Z] Checked if tokens are valid: true, expires at: 1771262326974
[debug] [2026-02-16T16:46:27.798Z] Checked if tokens are valid: true, expires at: 1771262326974
[debug] [2026-02-16T16:46:27.798Z] Checked if tokens are valid: true, expires at: 1771262326974
[debug] [2026-02-16T16:46:27.798Z] Checked if tokens are valid: true, expires at: 1771262326974
[debug] [2026-02-16T16:46:27.798Z] >>> [apiv2][query] GET https://serviceusage.googleapis.com/v1/projects/fisioflow-migration/services/firebaseapphosting.googleapis.com [none]
[debug] [2026-02-16T16:46:27.799Z] >>> [apiv2][(partial)header] GET https://serviceusage.googleapis.com/v1/projects/fisioflow-migration/services/firebaseapphosting.googleapis.com  x-goog-user-project=fisioflow-migration
[debug] [2026-02-16T16:46:27.800Z] >>> [apiv2][query] GET https://serviceusage.googleapis.com/v1/projects/fisioflow-migration/services/firebaseio.com [none]
[debug] [2026-02-16T16:46:27.800Z] >>> [apiv2][(partial)header] GET https://serviceusage.googleapis.com/v1/projects/fisioflow-migration/services/firebaseio.com  x-goog-user-project=fisioflow-migration
[debug] [2026-02-16T16:46:28.496Z] <<< [apiv2][status] GET https://cloudbilling.googleapis.com/v1/projects/fisioflow-migration/billingInfo 200
[debug] [2026-02-16T16:46:28.496Z] <<< [apiv2][body] GET https://cloudbilling.googleapis.com/v1/projects/fisioflow-migration/billingInfo {"name":"projects/fisioflow-migration/billingInfo","projectId":"fisioflow-migration","billingAccountName":"billingAccounts/012726-42CA36-FA7B7A","billingEnabled":true}
[debug] [2026-02-16T16:46:28.500Z] Checked if tokens are valid: true, expires at: 1771262326974
[debug] [2026-02-16T16:46:28.500Z] Checked if tokens are valid: true, expires at: 1771262326974
[debug] [2026-02-16T16:46:28.501Z] Checked if tokens are valid: true, expires at: 1771262326974
[debug] [2026-02-16T16:46:28.501Z] Checked if tokens are valid: true, expires at: 1771262326974
[debug] [2026-02-16T16:46:28.501Z] >>> [apiv2][query] GET https://serviceusage.googleapis.com/v1/projects/fisioflow-migration/services/firebaseapphosting.googleapis.com [none]
[debug] [2026-02-16T16:46:28.501Z] >>> [apiv2][(partial)header] GET https://serviceusage.googleapis.com/v1/projects/fisioflow-migration/services/firebaseapphosting.googleapis.com  x-goog-user-project=fisioflow-migration
[debug] [2026-02-16T16:46:28.502Z] >>> [apiv2][query] GET https://serviceusage.googleapis.com/v1/projects/fisioflow-migration/services/firebaseio.com [none]
[debug] [2026-02-16T16:46:28.502Z] >>> [apiv2][(partial)header] GET https://serviceusage.googleapis.com/v1/projects/fisioflow-migration/services/firebaseio.com  x-goog-user-project=fisioflow-migration
[debug] [2026-02-16T16:46:28.707Z] <<< [apiv2][status] GET https://cloudbilling.googleapis.com/v1/projects/fisioflow-migration/billingInfo 200
[debug] [2026-02-16T16:46:28.707Z] <<< [apiv2][body] GET https://cloudbilling.googleapis.com/v1/projects/fisioflow-migration/billingInfo {"name":"projects/fisioflow-migration/billingInfo","projectId":"fisioflow-migration","billingAccountName":"billingAccounts/012726-42CA36-FA7B7A","billingEnabled":true}
[debug] [2026-02-16T16:46:28.710Z] Checked if tokens are valid: true, expires at: 1771262326974
[debug] [2026-02-16T16:46:28.710Z] Checked if tokens are valid: true, expires at: 1771262326974
[debug] [2026-02-16T16:46:28.710Z] Checked if tokens are valid: true, expires at: 1771262326974
[debug] [2026-02-16T16:46:28.711Z] Checked if tokens are valid: true, expires at: 1771262326974
[debug] [2026-02-16T16:46:28.711Z] >>> [apiv2][query] GET https://serviceusage.googleapis.com/v1/projects/fisioflow-migration/services/firebaseapphosting.googleapis.com [none]
[debug] [2026-02-16T16:46:28.711Z] >>> [apiv2][(partial)header] GET https://serviceusage.googleapis.com/v1/projects/fisioflow-migration/services/firebaseapphosting.googleapis.com  x-goog-user-project=fisioflow-migration
[debug] [2026-02-16T16:46:28.711Z] >>> [apiv2][query] GET https://serviceusage.googleapis.com/v1/projects/fisioflow-migration/services/firebaseio.com [none]
[debug] [2026-02-16T16:46:28.712Z] >>> [apiv2][(partial)header] GET https://serviceusage.googleapis.com/v1/projects/fisioflow-migration/services/firebaseio.com  x-goog-user-project=fisioflow-migration
[debug] [2026-02-16T16:46:29.009Z] <<< [apiv2][status] GET https://serviceusage.googleapis.com/v1/projects/fisioflow-migration/services/firebaseio.com 403
[debug] [2026-02-16T16:46:29.009Z] <<< [apiv2][body] GET https://serviceusage.googleapis.com/v1/projects/fisioflow-migration/services/firebaseio.com [omitted]
[debug] [2026-02-16T16:46:29.108Z] <<< [apiv2][status] GET https://serviceusage.googleapis.com/v1/projects/fisioflow-migration/services/firebaseapphosting.googleapis.com 200
[debug] [2026-02-16T16:46:29.108Z] <<< [apiv2][body] GET https://serviceusage.googleapis.com/v1/projects/fisioflow-migration/services/firebaseapphosting.googleapis.com [omitted]
[debug] [2026-02-16T16:46:29.518Z] <<< [apiv2][status] GET https://serviceusage.googleapis.com/v1/projects/fisioflow-migration/services/firebaseio.com 403
[debug] [2026-02-16T16:46:29.518Z] <<< [apiv2][body] GET https://serviceusage.googleapis.com/v1/projects/fisioflow-migration/services/firebaseio.com [omitted]
[debug] [2026-02-16T16:46:29.684Z] <<< [apiv2][status] GET https://serviceusage.googleapis.com/v1/projects/fisioflow-migration/services/firebaseapphosting.googleapis.com 200
[debug] [2026-02-16T16:46:29.684Z] <<< [apiv2][body] GET https://serviceusage.googleapis.com/v1/projects/fisioflow-migration/services/firebaseapphosting.googleapis.com [omitted]
[debug] [2026-02-16T16:46:29.704Z] <<< [apiv2][status] GET https://serviceusage.googleapis.com/v1/projects/fisioflow-migration/services/firebaseio.com 403
[debug] [2026-02-16T16:46:29.704Z] <<< [apiv2][body] GET https://serviceusage.googleapis.com/v1/projects/fisioflow-migration/services/firebaseio.com [omitted]
[debug] [2026-02-16T16:46:29.758Z] > command requires scopes: ["email","openid","https://www.googleapis.com/auth/cloudplatformprojects.readonly","https://www.googleapis.com/auth/firebase","https://www.googleapis.com/auth/cloud-platform"]
[debug] [2026-02-16T16:46:29.759Z] > authorizing via signed-in user (activityfisioterapiamooca@gmail.com)
[debug] [2026-02-16T16:46:29.759Z] Checked if tokens are valid: true, expires at: 1771262326974
[debug] [2026-02-16T16:46:29.759Z] Checked if tokens are valid: true, expires at: 1771262326974
[debug] [2026-02-16T16:46:29.759Z] >>> [apiv2][query] GET https://cloudbilling.googleapis.com/v1/projects/fisioflow-migration/billingInfo [none]
[debug] [2026-02-16T16:46:29.841Z] <<< [apiv2][status] GET https://serviceusage.googleapis.com/v1/projects/fisioflow-migration/services/firebaseapphosting.googleapis.com 200
[debug] [2026-02-16T16:46:29.841Z] <<< [apiv2][body] GET https://serviceusage.googleapis.com/v1/projects/fisioflow-migration/services/firebaseapphosting.googleapis.com [omitted]
[debug] [2026-02-16T16:46:29.928Z] > command requires scopes: ["email","openid","https://www.googleapis.com/auth/cloudplatformprojects.readonly","https://www.googleapis.com/auth/firebase","https://www.googleapis.com/auth/cloud-platform"]
[debug] [2026-02-16T16:46:29.928Z] > authorizing via signed-in user (activityfisioterapiamooca@gmail.com)
[debug] [2026-02-16T16:46:29.928Z] Checked if tokens are valid: true, expires at: 1771262326974
[debug] [2026-02-16T16:46:29.928Z] Checked if tokens are valid: true, expires at: 1771262326974
[debug] [2026-02-16T16:46:29.928Z] >>> [apiv2][query] GET https://cloudbilling.googleapis.com/v1/projects/fisioflow-migration/billingInfo [none]
[debug] [2026-02-16T16:46:30.871Z] <<< [apiv2][status] GET https://cloudbilling.googleapis.com/v1/projects/fisioflow-migration/billingInfo 200
[debug] [2026-02-16T16:46:30.872Z] <<< [apiv2][body] GET https://cloudbilling.googleapis.com/v1/projects/fisioflow-migration/billingInfo {"name":"projects/fisioflow-migration/billingInfo","projectId":"fisioflow-migration","billingAccountName":"billingAccounts/012726-42CA36-FA7B7A","billingEnabled":true}
[debug] [2026-02-16T16:46:30.873Z] > command requires scopes: ["email","openid","https://www.googleapis.com/auth/cloudplatformprojects.readonly","https://www.googleapis.com/auth/firebase","https://www.googleapis.com/auth/cloud-platform"]
[debug] [2026-02-16T16:46:30.873Z] > authorizing via signed-in user (activityfisioterapiamooca@gmail.com)
[debug] [2026-02-16T16:46:31.058Z] <<< [apiv2][status] GET https://cloudbilling.googleapis.com/v1/projects/fisioflow-migration/billingInfo 200
[debug] [2026-02-16T16:46:31.058Z] <<< [apiv2][body] GET https://cloudbilling.googleapis.com/v1/projects/fisioflow-migration/billingInfo {"name":"projects/fisioflow-migration/billingInfo","projectId":"fisioflow-migration","billingAccountName":"billingAccounts/012726-42CA36-FA7B7A","billingEnabled":true}
[debug] [2026-02-16T16:46:31.059Z] > command requires scopes: ["email","openid","https://www.googleapis.com/auth/cloudplatformprojects.readonly","https://www.googleapis.com/auth/firebase","https://www.googleapis.com/auth/cloud-platform"]
[debug] [2026-02-16T16:46:31.059Z] > authorizing via signed-in user (activityfisioterapiamooca@gmail.com)
